{"/Users/ephronagyeman-opoku/Week_10/bank_application/features/bank_app.js": {"path":"/Users/ephronagyeman-opoku/Week_10/bank_application/features/bank_app.js","statementMap":{"0":{"start":{"line":3,"column":8},"end":{"line":3,"column":25}},"1":{"start":{"line":4,"column":8},"end":{"line":4,"column":26}},"2":{"start":{"line":9,"column":4},"end":{"line":9,"column":24}},"3":{"start":{"line":14,"column":8},"end":{"line":14,"column":31}},"4":{"start":{"line":15,"column":8},"end":{"line":20,"column":11}},"5":{"start":{"line":24,"column":8},"end":{"line":24,"column":31}},"6":{"start":{"line":25,"column":8},"end":{"line":31,"column":11}},"7":{"start":{"line":36,"column":0},"end":{"line":36,"column":25}},"8":{"start":{"line":39,"column":16},"end":{"line":39,"column":29}},"9":{"start":{"line":40,"column":13},"end":{"line":40,"column":33}},"10":{"start":{"line":41,"column":0},"end":{"line":41,"column":21}},"11":{"start":{"line":42,"column":0},"end":{"line":42,"column":22}},"12":{"start":{"line":43,"column":0},"end":{"line":43,"column":22}},"13":{"start":{"line":44,"column":0},"end":{"line":44,"column":36}}},"fnMap":{"0":{"name":"(anonymous_0)","decl":{"start":{"line":2,"column":4},"end":{"line":2,"column":5}},"loc":{"start":{"line":2,"column":18},"end":{"line":5,"column":5}},"line":2},"1":{"name":"(anonymous_1)","decl":{"start":{"line":8,"column":2},"end":{"line":8,"column":3}},"loc":{"start":{"line":8,"column":18},"end":{"line":10,"column":3}},"line":8},"2":{"name":"(anonymous_2)","decl":{"start":{"line":13,"column":2},"end":{"line":13,"column":3}},"loc":{"start":{"line":13,"column":18},"end":{"line":21,"column":5}},"line":13},"3":{"name":"(anonymous_3)","decl":{"start":{"line":23,"column":4},"end":{"line":23,"column":5}},"loc":{"start":{"line":23,"column":21},"end":{"line":32,"column":5}},"line":23}},"branchMap":{},"s":{"0":4,"1":4,"2":4,"3":3,"4":3,"5":4,"6":4,"7":1,"8":1,"9":1,"10":1,"11":1,"12":1,"13":1},"f":{"0":4,"1":4,"2":3,"3":4},"b":{},"_coverageSchema":"1a1c01bbd47fc00a2c39e90264f33305004495a9","hash":"37f5e360c48e6b734027775b7be0fd14073110a3"}
}
